<?xml version="1.0" encoding="UTF-8" ?>
<testsuite errors="0" failures="1" hostname="dev-nkm" name="oata.HelloWorldTest" skipped="0" tests="2" time="0.212" timestamp="2025-09-09T10:08:41">
  <properties>
[...]
</properties>
  <testcase classname="oata.HelloWorldTest" name="testWillAlwaysFail" time="0.008">
    <failure message="An error message" type="junit.framework.AssertionFailedError">junit.framework.AssertionFailedError: An error message
	at oata.HelloWorldTest.testWillAlwaysFail(Unknown Source)
	at java.base/jdk.internal.reflect.DirectMethodHandleAccessor.invoke(DirectMethodHandleAccessor.java:103)
</failure>
  </testcase>
  <testcase classname="oata.HelloWorldTest" name="testNothing" time="0.0" />
  <system-out><![CDATA[]]></system-out>
  <system-err><![CDATA[]]></system-err>
</testsuite>
